<?xml version="1.0" encoding="UTF-8"?>
<!-- Generated by org.testng.reporters.JUnitReportReporter -->
<testsuite hostname="Pankaj" failures="0" tests="3" name="TestPack.ToVerifyProductPage" time="3.896" errors="0" timestamp="2023-08-03T09:26:25 IST" skipped="1">
  <testcase classname="TestPack.ToVerifyProductPage" name="islandedOnProductPage" time="0.717"/>
  <system-out/>
  <testcase classname="TestPack.ToVerifyProductPage" name="islandedOnProductPage" time="0.000">
    <skipped/>
  </testcase> <!-- islandedOnProductPage -->
  <system-out/>
  <testcase classname="TestPack.ToVerifyProductPage" name="islandedOnProductPage" time="3.179"/>
  <system-out/>
</testsuite> <!-- TestPack.ToVerifyProductPage -->
