<?xml version="1.0" encoding="UTF-8"?>
<!-- Generated by org.testng.reporters.JUnitReportReporter -->
<testsuite hostname="Pankaj" failures="0" tests="1" name="TestPack.ToVerifyProductPage" time="0.700" errors="0" timestamp="2023-07-30T13:14:21 IST" skipped="0">
  <testcase classname="TestPack.ToVerifyProductPage" name="islandedOnProductPage" time="0.700"/>
  <system-out/>
</testsuite> <!-- TestPack.ToVerifyProductPage -->
